#
# A fatal error has been detected by the Java Runtime Environment:
#
#  EXCEPTION_ACCESS_VIOLATION (0xc0000005) at pc=0x00007ffae78ecde8, pid=13048, tid=16088
#
# JRE version: OpenJDK Runtime Environment Temurin-17+35 (17.0+35) (build 17+35)
# Java VM: OpenJDK 64-Bit Server VM Temurin-17+35 (17+35, mixed mode, tiered, compressed oops, compressed class ptrs, g1 gc, windows-amd64)
# Problematic frame:
# V  [jvm.dll+0x23cde8]
#
# No core dump will be written. Minidumps are not enabled by default on client versions of Windows
#
# If you would like to submit a bug report, please visit:
#   https://github.com/adoptium/adoptium-support/issues
#

---------------  S U M M A R Y ------------

Command Line: -XX:+ShowCodeDetailsInExceptionMessages -agentlib:jdwp=transport=dt_socket,suspend=y,address=localhost:56887 -javaagent:C:\Users\luis\eclipse\jee-2021-09\eclipse\configuration\org.eclipse.osgi\1122\0\.cp\lib\javaagent-shaded.jar -Dfile.encoding=UTF-8 com.luisdbb.TareaDWES.principal.Principal

Host: AMD Athlon Silver 3050U with Radeon Graphics   , 2 cores, 5G,  Windows 10 , 64 bit Build 19041 (10.0.19041.1682)
Time: Tue May 10 12:34:34 2022 Hora de verano romance elapsed time: 375.970925 seconds (0d 0h 6m 15s)

---------------  T H R E A D  ---------------

Current thread (0x000001fa7edb9640):  VMThread "VM Thread" [stack: 0x000000cd07d00000,0x000000cd07e00000] [id=16088]

Stack: [0x000000cd07d00000,0x000000cd07e00000],  sp=0x000000cd07dfeb88,  free space=1018k
Native frames: (J=compiled Java code, j=interpreted, Vv=VM code, C=native code)
V  [jvm.dll+0x23cde8]


siginfo: EXCEPTION_ACCESS_VIOLATION (0xc0000005), reading address 0x000001fa14fe0f48


Register to memory mapping:

RIP=0x00007ffae78ecde8 jvm.dll
RAX=0x0000000000194100 is an unknown value
RBX=0x000001fa14e4bbb0 is pointing into metadata
RCX=0x000001fa14e4ce48 is pointing into metadata
RDX=0x000000000000ca07 is an unknown value
RSP=0x000000cd07dfeb88 points into unknown readable memory: 0x00007ffae78ece6e | 6e ce 8e e7 fa 7f 00 00
RBP=0x000000cd07dfecc0 points into unknown readable memory: 0xffffffffffffffff | ff ff ff ff ff ff ff ff
RSI=0x0 is NULL
RDI=0x000000cd07dff2d0 points into unknown readable memory: 0x00007ffae8051d20 | 20 1d 05 e8 fa 7f 00 00
R8 =0x0 is NULL
R9 =0x000001fa14e4bbb0 is pointing into metadata
R10=0x00007ffae76b0000 jvm.dll
R11={method} {0x000001fa14e41468} '<init>' '(I)V' in 'com/luisdbb/TareaDWES/fachada/FachadaUsuario'
R12=0x00007ffae76b0000 jvm.dll
R13=0x000001fa142ab0a0 points into unknown readable memory: 0x000002cca62ba000 | 00 a0 2b a6 cc 02 00 00
R14=0x000001fa14e4aa6a is pointing into metadata
R15=0x00000000000002d8 is an unknown value


Registers:
RAX=0x0000000000194100, RBX=0x000001fa14e4bbb0, RCX=0x000001fa14e4ce48, RDX=0x000000000000ca07
RSP=0x000000cd07dfeb88, RBP=0x000000cd07dfecc0, RSI=0x0000000000000000, RDI=0x000000cd07dff2d0
R8 =0x0000000000000000, R9 =0x000001fa14e4bbb0, R10=0x00007ffae76b0000, R11=0x000001fa14e41460
R12=0x00007ffae76b0000, R13=0x000001fa142ab0a0, R14=0x000001fa14e4aa6a, R15=0x00000000000002d8
RIP=0x00007ffae78ecde8, EFLAGS=0x0000000000010216

Top of Stack: (sp=0x000000cd07dfeb88)
0x000000cd07dfeb88:   00007ffae78ece6e 000000cd07dfec18
0x000000cd07dfeb98:   0000000000000000 000001fa7ecd0140
0x000000cd07dfeba8:   0000000000000000 000000cd07dff140
0x000000cd07dfebb8:   00007ffae79e5764 0000000000000000
0x000000cd07dfebc8:   0000000000000000 0000000000000000
0x000000cd07dfebd8:   00007ffae7ccb2f0 000001fa7edb94a0
0x000000cd07dfebe8:   000000cd07dfee10 000001fa7ecd6238
0x000000cd07dfebf8:   00007ffa00000004 0000000000000000
0x000000cd07dfec08:   000000cd07dfec60 000001fa00000001
0x000000cd07dfec18:   000001fa7ecd6238 0000000300000002
0x000000cd07dfec28:   0000000000000003 0000000300000004
0x000000cd07dfec38:   000001fa7ecd0140 0000000000000000
0x000000cd07dfec48:   000000002fffffff 000000cd00000000
0x000000cd07dfec58:   00007ffae7dfcb10 4fffffff4fffffff
0x000000cd07dfec68:   00007ffae7dfcb84 000000cd07dfedd0
0x000000cd07dfec78:   000000cd07dfed00 000000cd07dff2d0 

Instructions: (pc=0x00007ffae78ecde8)
0x00007ffae78ecce8:   03 03 03 03 03 03 03 03 03 03 03 03 03 03 03 03
0x00007ffae78eccf8:   03 03 03 03 03 03 03 03 03 03 03 03 03 03 03 03
0x00007ffae78ecd08:   03 03 03 03 03 03 03 03 03 03 03 03 03 03 03 03
0x00007ffae78ecd18:   03 03 03 03 03 03 03 03 03 03 03 03 03 03 03 03
0x00007ffae78ecd28:   03 03 03 02 03 03 02 cc 48 89 5c 24 08 48 89 74
0x00007ffae78ecd38:   24 10 57 48 83 ec 20 48 63 da 41 0f b6 f0 48 8b
0x00007ffae78ecd48:   f9 85 d2 79 24 4c 8d 0d 74 1f 70 00 ba b4 02 00
0x00007ffae78ecd58:   00 4c 8d 05 a0 1f 70 00 48 8d 0d f9 1e 70 00 e8
0x00007ffae78ecd68:   84 84 00 00 e8 ff 78 43 00 40 84 f6 75 18 48 8b
0x00007ffae78ecd78:   4f 10 48 85 c9 74 0f 48 8d 43 01 48 c1 e0 05 48
0x00007ffae78ecd88:   8b 04 08 0f b7 d8 48 8b 74 24 38 48 63 c3 48 8b
0x00007ffae78ecd98:   5c 24 30 0f b7 44 c7 48 48 83 c4 20 5f c3 cc cc
0x00007ffae78ecda8:   cc cc cc cc cc cc cc cc 4c 8b c9 45 84 c0 75 41
0x00007ffae78ecdb8:   48 8b 49 10 48 85 c9 74 38 85 d2 79 19 f7 d2 8b
0x00007ffae78ecdc8:   c2 48 ff c0 48 c1 e0 05 48 8b 04 08 0f b7 c8 41
0x00007ffae78ecdd8:   0f b7 44 c9 4a c3 48 63 c2 48 ff c0 48 c1 e0 05
0x00007ffae78ecde8:   48 8b 04 08 0f b7 d0 48 63 c2 41 0f b7 44 c1 4a
0x00007ffae78ecdf8:   c3 49 8b 41 08 4c 63 c2 42 0f b6 44 00 04 8d 48
0x00007ffae78ece08:   ef 80 f9 01 76 0e 3c 6a 74 0a 48 63 c2 41 0f b7
0x00007ffae78ece18:   44 c1 4a c3 43 0f b7 44 c1 4a c3 cc cc cc cc cc
0x00007ffae78ece28:   cc cc cc cc cc cc cc cc 40 53 48 83 ec 20 48 8b
0x00007ffae78ece38:   d9 e8 72 ff ff ff 48 63 d0 0f b7 44 d3 48 48 8b
0x00007ffae78ece48:   44 c3 48 48 83 c4 20 5b c3 cc cc cc cc cc cc cc
0x00007ffae78ece58:   cc cc cc cc cc cc cc cc 40 53 48 83 ec 20 48 8b
0x00007ffae78ece68:   d9 e8 42 ff ff ff 48 63 d0 0f b7 44 d3 4a 48 8b
0x00007ffae78ece78:   44 c3 48 48 83 c4 20 5b c3 cc cc cc cc cc cc cc
0x00007ffae78ece88:   cc cc cc cc cc cc cc cc 4c 8b d1 45 84 c9 75 28
0x00007ffae78ece98:   4c 8b 49 10 4d 85 c9 74 1f 45 85 c0 79 08 41 f7
0x00007ffae78ecea8:   d0 41 8b c0 eb 03 49 63 c0 48 ff c0 48 c1 e0 05
0x00007ffae78eceb8:   4a 8b 04 08 44 0f b7 c0 49 8b 42 08 49 63 c8 0f
0x00007ffae78ecec8:   b6 4c 08 04 48 8b c2 88 0a c3 cc cc cc cc cc cc
0x00007ffae78eced8:   cc cc cc cc cc cc cc cc 40 56 57 41 54 41 56 41 


Stack slot to memory mapping:
stack at sp + 0 slots: 0x00007ffae78ece6e jvm.dll
stack at sp + 1 slots: 0x000000cd07dfec18 points into unknown readable memory: 0x000001fa7ecd6238 | 38 62 cd 7e fa 01 00 00
stack at sp + 2 slots: 0x0 is NULL
stack at sp + 3 slots: 0x000001fa7ecd0140 points into unknown readable memory: 0x616a00106e30ffff | ff ff 30 6e 10 00 6a 61
stack at sp + 4 slots: 0x0 is NULL
stack at sp + 5 slots: 0x000000cd07dff140 points into unknown readable memory: 0x000001fa14e41460 | 60 14 e4 14 fa 01 00 00
stack at sp + 6 slots: 0x00007ffae79e5764 jvm.dll
stack at sp + 7 slots: 0x0 is NULL

VM_Operation (0x000000cd088ff330): get/set locals, mode: safepoint, requested by thread 0x000001fa7fa82030


---------------  P R O C E S S  ---------------

Threads class SMR info:
_java_thread_list=0x000001fa14340ec0, length=16, elements={
0x000001fa78ec9940, 0x000001fa7ee19420, 0x000001fa7ee19c90, 0x000001fa78f9ca80,
0x000001fa78f9e060, 0x000001fa78f9e620, 0x000001fa7ee48d80, 0x000001fa7ee4d590,
0x000001fa7ee4eab0, 0x000001fa7f83c810, 0x000001fa7f968f60, 0x000001fa7fa82030,
0x000001fa7fa82520, 0x000001fa7fa82a10, 0x000001fa14231100, 0x000001fa141df520
}

Java Threads: ( => current thread )
  0x000001fa78ec9940 JavaThread "main" [_thread_blocked, id=10444, stack(0x000000cd07700000,0x000000cd07800000)]
  0x000001fa7ee19420 JavaThread "Reference Handler" daemon [_thread_blocked, id=9360, stack(0x000000cd07e00000,0x000000cd07f00000)]
  0x000001fa7ee19c90 JavaThread "Finalizer" daemon [_thread_blocked, id=11104, stack(0x000000cd07f00000,0x000000cd08000000)]
  0x000001fa78f9ca80 JavaThread "Signal Dispatcher" daemon [_thread_blocked, id=2152, stack(0x000000cd08000000,0x000000cd08100000)]
  0x000001fa78f9e060 JavaThread "Attach Listener" daemon [_thread_blocked, id=12140, stack(0x000000cd08100000,0x000000cd08200000)]
  0x000001fa78f9e620 JavaThread "Service Thread" daemon [_thread_blocked, id=6696, stack(0x000000cd08200000,0x000000cd08300000)]
  0x000001fa7ee48d80 JavaThread "Monitor Deflation Thread" daemon [_thread_blocked, id=9424, stack(0x000000cd08300000,0x000000cd08400000)]
  0x000001fa7ee4d590 JavaThread "C2 CompilerThread0" daemon [_thread_blocked, id=13724, stack(0x000000cd08400000,0x000000cd08500000)]
  0x000001fa7ee4eab0 JavaThread "C1 CompilerThread0" daemon [_thread_blocked, id=14500, stack(0x000000cd08500000,0x000000cd08600000)]
  0x000001fa7f83c810 JavaThread "Sweeper thread" daemon [_thread_blocked, id=4032, stack(0x000000cd08600000,0x000000cd08700000)]
  0x000001fa7f968f60 JavaThread "Common-Cleaner" daemon [_thread_blocked, id=17564, stack(0x000000cd08700000,0x000000cd08800000)]
  0x000001fa7fa82030 JavaThread "JDWP Transport Listener: dt_socket" daemon [_thread_blocked, id=8948, stack(0x000000cd08800000,0x000000cd08900000)]
  0x000001fa7fa82520 JavaThread "JDWP Event Helper Thread" daemon [_thread_blocked, id=17088, stack(0x000000cd08900000,0x000000cd08a00000)]
  0x000001fa7fa82a10 JavaThread "JDWP Command Reader" daemon [_thread_in_native, id=12316, stack(0x000000cd08a00000,0x000000cd08b00000)]
  0x000001fa14231100 JavaThread "Notification Thread" daemon [_thread_blocked, id=524, stack(0x000000cd08c00000,0x000000cd08d00000)]
  0x000001fa141df520 JavaThread "mysql-cj-abandoned-connection-cleanup" daemon [_thread_blocked, id=1772, stack(0x000000cd08e00000,0x000000cd08f00000)]

Other Threads:
=>0x000001fa7edb9640 VMThread "VM Thread" [stack: 0x000000cd07d00000,0x000000cd07e00000] [id=16088]
  0x000001fa7fbac630 WatcherThread [stack: 0x000000cd08d00000,0x000000cd08e00000] [id=10324]
  0x000001fa78f00df0 GCTaskThread "GC Thread#0" [stack: 0x000000cd07800000,0x000000cd07900000] [id=15704]
  0x000001fa140133a0 GCTaskThread "GC Thread#1" [stack: 0x000000cd08b00000,0x000000cd08c00000] [id=15228]
  0x000001fa78f0f2a0 ConcurrentGCThread "G1 Main Marker" [stack: 0x000000cd07900000,0x000000cd07a00000] [id=12560]
  0x000001fa78f0fcb0 ConcurrentGCThread "G1 Conc#0" [stack: 0x000000cd07a00000,0x000000cd07b00000] [id=17272]
  0x000001fa78f69c20 ConcurrentGCThread "G1 Refine#0" [stack: 0x000000cd07b00000,0x000000cd07c00000] [id=10052]
  0x000001fa78f6c260 ConcurrentGCThread "G1 Service" [stack: 0x000000cd07c00000,0x000000cd07d00000] [id=9312]

Threads with active compile tasks:

VM state: at safepoint (normal execution)

VM Mutex/Monitor currently owned by a thread:  ([mutex/lock_event])
[0x000001fa78ec4390] Threads_lock - owner thread: 0x000001fa7edb9640

Heap address: 0x00000000a1200000, size: 1518 MB, Compressed Oops mode: 32-bit

CDS archive(s) not mapped
Compressed class space mapped at: 0x0000000100000000-0x0000000140000000, reserved size: 1073741824
Narrow klass base: 0x0000000000000000, Narrow klass shift: 3, Narrow klass range: 0x140000000

GC Precious Log:
 CPUs: 2 total, 2 available
 Memory: 6064M
 Large Page Support: Disabled
 NUMA Support: Disabled
 Compressed Oops: Enabled (32-bit)
 Heap Region Size: 1M
 Heap Min Capacity: 8M
 Heap Initial Capacity: 96M
 Heap Max Capacity: 1518M
 Pre-touch: Disabled
 Parallel Workers: 2
 Concurrent Workers: 1
 Concurrent Refinement Workers: 2
 Periodic GC: Disabled

Heap:
 garbage-first heap   total 98304K, used 21775K [0x00000000a1200000, 0x0000000100000000)
  region size 1024K, 17 young (17408K), 2 survivors (2048K)
 Metaspace       used 15464K, committed 15616K, reserved 1064960K
  class space    used 1422K, committed 1536K, reserved 1048576K

Heap Regions: E=young(eden), S=young(survivor), O=old, HS=humongous(starts), HC=humongous(continues), CS=collection set, F=free, OA=open archive, CA=closed archive, TAMS=top-at-mark-start (previous, next)
|   0|0x00000000a1200000, 0x00000000a1300000, 0x00000000a1300000|100%|HS|  |TAMS 0x00000000a1200000, 0x00000000a1200000| Complete 
|   1|0x00000000a1300000, 0x00000000a1400000, 0x00000000a1400000|100%| O|  |TAMS 0x00000000a1300000, 0x00000000a1300000| Untracked 
|   2|0x00000000a1400000, 0x00000000a1500000, 0x00000000a1500000|100%| O|  |TAMS 0x00000000a1400000, 0x00000000a1400000| Untracked 
|   3|0x00000000a1500000, 0x00000000a1600000, 0x00000000a1600000|100%| O|  |TAMS 0x00000000a1500000, 0x00000000a1500000| Untracked 
|   4|0x00000000a1600000, 0x00000000a1700000, 0x00000000a1700000|100%| O|  |TAMS 0x00000000a1600000, 0x00000000a1600000| Untracked 
|   5|0x00000000a1700000, 0x00000000a17b6200, 0x00000000a1800000| 71%| O|  |TAMS 0x00000000a1700000, 0x00000000a1700000| Untracked 
|   6|0x00000000a1800000, 0x00000000a1800000, 0x00000000a1900000|  0%| F|  |TAMS 0x00000000a1800000, 0x00000000a1800000| Untracked 
|   7|0x00000000a1900000, 0x00000000a1900000, 0x00000000a1a00000|  0%| F|  |TAMS 0x00000000a1900000, 0x00000000a1900000| Untracked 
|   8|0x00000000a1a00000, 0x00000000a1a00000, 0x00000000a1b00000|  0%| F|  |TAMS 0x00000000a1a00000, 0x00000000a1a00000| Untracked 
|   9|0x00000000a1b00000, 0x00000000a1b00000, 0x00000000a1c00000|  0%| F|  |TAMS 0x00000000a1b00000, 0x00000000a1b00000| Untracked 
|  10|0x00000000a1c00000, 0x00000000a1c00000, 0x00000000a1d00000|  0%| F|  |TAMS 0x00000000a1c00000, 0x00000000a1c00000| Untracked 
|  11|0x00000000a1d00000, 0x00000000a1d00000, 0x00000000a1e00000|  0%| F|  |TAMS 0x00000000a1d00000, 0x00000000a1d00000| Untracked 
|  12|0x00000000a1e00000, 0x00000000a1e00000, 0x00000000a1f00000|  0%| F|  |TAMS 0x00000000a1e00000, 0x00000000a1e00000| Untracked 
|  13|0x00000000a1f00000, 0x00000000a1f00000, 0x00000000a2000000|  0%| F|  |TAMS 0x00000000a1f00000, 0x00000000a1f00000| Untracked 
|  14|0x00000000a2000000, 0x00000000a2000000, 0x00000000a2100000|  0%| F|  |TAMS 0x00000000a2000000, 0x00000000a2000000| Untracked 
|  15|0x00000000a2100000, 0x00000000a2100000, 0x00000000a2200000|  0%| F|  |TAMS 0x00000000a2100000, 0x00000000a2100000| Untracked 
|  16|0x00000000a2200000, 0x00000000a2200000, 0x00000000a2300000|  0%| F|  |TAMS 0x00000000a2200000, 0x00000000a2200000| Untracked 
|  17|0x00000000a2300000, 0x00000000a2300000, 0x00000000a2400000|  0%| F|  |TAMS 0x00000000a2300000, 0x00000000a2300000| Untracked 
|  18|0x00000000a2400000, 0x00000000a2400000, 0x00000000a2500000|  0%| F|  |TAMS 0x00000000a2400000, 0x00000000a2400000| Untracked 
|  19|0x00000000a2500000, 0x00000000a2500000, 0x00000000a2600000|  0%| F|  |TAMS 0x00000000a2500000, 0x00000000a2500000| Untracked 
|  20|0x00000000a2600000, 0x00000000a2600000, 0x00000000a2700000|  0%| F|  |TAMS 0x00000000a2600000, 0x00000000a2600000| Untracked 
|  21|0x00000000a2700000, 0x00000000a2700000, 0x00000000a2800000|  0%| F|  |TAMS 0x00000000a2700000, 0x00000000a2700000| Untracked 
|  22|0x00000000a2800000, 0x00000000a2800000, 0x00000000a2900000|  0%| F|  |TAMS 0x00000000a2800000, 0x00000000a2800000| Untracked 
|  23|0x00000000a2900000, 0x00000000a2900000, 0x00000000a2a00000|  0%| F|  |TAMS 0x00000000a2900000, 0x00000000a2900000| Untracked 
|  24|0x00000000a2a00000, 0x00000000a2a00000, 0x00000000a2b00000|  0%| F|  |TAMS 0x00000000a2a00000, 0x00000000a2a00000| Untracked 
|  25|0x00000000a2b00000, 0x00000000a2b00000, 0x00000000a2c00000|  0%| F|  |TAMS 0x00000000a2b00000, 0x00000000a2b00000| Untracked 
|  26|0x00000000a2c00000, 0x00000000a2c00000, 0x00000000a2d00000|  0%| F|  |TAMS 0x00000000a2c00000, 0x00000000a2c00000| Untracked 
|  27|0x00000000a2d00000, 0x00000000a2d00000, 0x00000000a2e00000|  0%| F|  |TAMS 0x00000000a2d00000, 0x00000000a2d00000| Untracked 
|  28|0x00000000a2e00000, 0x00000000a2e00000, 0x00000000a2f00000|  0%| F|  |TAMS 0x00000000a2e00000, 0x00000000a2e00000| Untracked 
|  29|0x00000000a2f00000, 0x00000000a2f00000, 0x00000000a3000000|  0%| F|  |TAMS 0x00000000a2f00000, 0x00000000a2f00000| Untracked 
|  30|0x00000000a3000000, 0x00000000a3000000, 0x00000000a3100000|  0%| F|  |TAMS 0x00000000a3000000, 0x00000000a3000000| Untracked 
|  31|0x00000000a3100000, 0x00000000a3100000, 0x00000000a3200000|  0%| F|  |TAMS 0x00000000a3100000, 0x00000000a3100000| Untracked 
|  32|0x00000000a3200000, 0x00000000a3200000, 0x00000000a3300000|  0%| F|  |TAMS 0x00000000a3200000, 0x00000000a3200000| Untracked 
|  33|0x00000000a3300000, 0x00000000a3300000, 0x00000000a3400000|  0%| F|  |TAMS 0x00000000a3300000, 0x00000000a3300000| Untracked 
|  34|0x00000000a3400000, 0x00000000a3400000, 0x00000000a3500000|  0%| F|  |TAMS 0x00000000a3400000, 0x00000000a3400000| Untracked 
|  35|0x00000000a3500000, 0x00000000a3500000, 0x00000000a3600000|  0%| F|  |TAMS 0x00000000a3500000, 0x00000000a3500000| Untracked 
|  36|0x00000000a3600000, 0x00000000a3600000, 0x00000000a3700000|  0%| F|  |TAMS 0x00000000a3600000, 0x00000000a3600000| Untracked 
|  37|0x00000000a3700000, 0x00000000a3700000, 0x00000000a3800000|  0%| F|  |TAMS 0x00000000a3700000, 0x00000000a3700000| Untracked 
|  38|0x00000000a3800000, 0x00000000a3800000, 0x00000000a3900000|  0%| F|  |TAMS 0x00000000a3800000, 0x00000000a3800000| Untracked 
|  39|0x00000000a3900000, 0x00000000a3900000, 0x00000000a3a00000|  0%| F|  |TAMS 0x00000000a3900000, 0x00000000a3900000| Untracked 
|  40|0x00000000a3a00000, 0x00000000a3a00000, 0x00000000a3b00000|  0%| F|  |TAMS 0x00000000a3a00000, 0x00000000a3a00000| Untracked 
|  41|0x00000000a3b00000, 0x00000000a3b00000, 0x00000000a3c00000|  0%| F|  |TAMS 0x00000000a3b00000, 0x00000000a3b00000| Untracked 
|  42|0x00000000a3c00000, 0x00000000a3c00000, 0x00000000a3d00000|  0%| F|  |TAMS 0x00000000a3c00000, 0x00000000a3c00000| Untracked 
|  43|0x00000000a3d00000, 0x00000000a3d00000, 0x00000000a3e00000|  0%| F|  |TAMS 0x00000000a3d00000, 0x00000000a3d00000| Untracked 
|  44|0x00000000a3e00000, 0x00000000a3e00000, 0x00000000a3f00000|  0%| F|  |TAMS 0x00000000a3e00000, 0x00000000a3e00000| Untracked 
|  45|0x00000000a3f00000, 0x00000000a3f00000, 0x00000000a4000000|  0%| F|  |TAMS 0x00000000a3f00000, 0x00000000a3f00000| Untracked 
|  46|0x00000000a4000000, 0x00000000a4000000, 0x00000000a4100000|  0%| F|  |TAMS 0x00000000a4000000, 0x00000000a4000000| Untracked 
|  47|0x00000000a4100000, 0x00000000a4100000, 0x00000000a4200000|  0%| F|  |TAMS 0x00000000a4100000, 0x00000000a4100000| Untracked 
|  48|0x00000000a4200000, 0x00000000a4200000, 0x00000000a4300000|  0%| F|  |TAMS 0x00000000a4200000, 0x00000000a4200000| Untracked 
|  49|0x00000000a4300000, 0x00000000a4300000, 0x00000000a4400000|  0%| F|  |TAMS 0x00000000a4300000, 0x00000000a4300000| Untracked 
|  50|0x00000000a4400000, 0x00000000a4400000, 0x00000000a4500000|  0%| F|  |TAMS 0x00000000a4400000, 0x00000000a4400000| Untracked 
|  51|0x00000000a4500000, 0x00000000a4500000, 0x00000000a4600000|  0%| F|  |TAMS 0x00000000a4500000, 0x00000000a4500000| Untracked 
|  52|0x00000000a4600000, 0x00000000a4600000, 0x00000000a4700000|  0%| F|  |TAMS 0x00000000a4600000, 0x00000000a4600000| Untracked 
|  53|0x00000000a4700000, 0x00000000a4700000, 0x00000000a4800000|  0%| F|  |TAMS 0x00000000a4700000, 0x00000000a4700000| Untracked 
|  54|0x00000000a4800000, 0x00000000a4800000, 0x00000000a4900000|  0%| F|  |TAMS 0x00000000a4800000, 0x00000000a4800000| Untracked 
|  55|0x00000000a4900000, 0x00000000a4900000, 0x00000000a4a00000|  0%| F|  |TAMS 0x00000000a4900000, 0x00000000a4900000| Untracked 
|  56|0x00000000a4a00000, 0x00000000a4a00000, 0x00000000a4b00000|  0%| F|  |TAMS 0x00000000a4a00000, 0x00000000a4a00000| Untracked 
|  57|0x00000000a4b00000, 0x00000000a4b00000, 0x00000000a4c00000|  0%| F|  |TAMS 0x00000000a4b00000, 0x00000000a4b00000| Untracked 
|  58|0x00000000a4c00000, 0x00000000a4c00000, 0x00000000a4d00000|  0%| F|  |TAMS 0x00000000a4c00000, 0x00000000a4c00000| Untracked 
|  59|0x00000000a4d00000, 0x00000000a4d00000, 0x00000000a4e00000|  0%| F|  |TAMS 0x00000000a4d00000, 0x00000000a4d00000| Untracked 
|  60|0x00000000a4e00000, 0x00000000a4e00000, 0x00000000a4f00000|  0%| F|  |TAMS 0x00000000a4e00000, 0x00000000a4e00000| Untracked 
|  61|0x00000000a4f00000, 0x00000000a4f00000, 0x00000000a5000000|  0%| F|  |TAMS 0x00000000a4f00000, 0x00000000a4f00000| Untracked 
|  62|0x00000000a5000000, 0x00000000a5000000, 0x00000000a5100000|  0%| F|  |TAMS 0x00000000a5000000, 0x00000000a5000000| Untracked 
|  63|0x00000000a5100000, 0x00000000a5100000, 0x00000000a5200000|  0%| F|  |TAMS 0x00000000a5100000, 0x00000000a5100000| Untracked 
|  64|0x00000000a5200000, 0x00000000a5200000, 0x00000000a5300000|  0%| F|  |TAMS 0x00000000a5200000, 0x00000000a5200000| Untracked 
|  65|0x00000000a5300000, 0x00000000a5300000, 0x00000000a5400000|  0%| F|  |TAMS 0x00000000a5300000, 0x00000000a5300000| Untracked 
|  66|0x00000000a5400000, 0x00000000a5400000, 0x00000000a5500000|  0%| F|  |TAMS 0x00000000a5400000, 0x00000000a5400000| Untracked 
|  67|0x00000000a5500000, 0x00000000a5500000, 0x00000000a5600000|  0%| F|  |TAMS 0x00000000a5500000, 0x00000000a5500000| Untracked 
|  68|0x00000000a5600000, 0x00000000a5600000, 0x00000000a5700000|  0%| F|  |TAMS 0x00000000a5600000, 0x00000000a5600000| Untracked 
|  69|0x00000000a5700000, 0x00000000a5700000, 0x00000000a5800000|  0%| F|  |TAMS 0x00000000a5700000, 0x00000000a5700000| Untracked 
|  70|0x00000000a5800000, 0x00000000a5800000, 0x00000000a5900000|  0%| F|  |TAMS 0x00000000a5800000, 0x00000000a5800000| Untracked 
|  71|0x00000000a5900000, 0x00000000a5900000, 0x00000000a5a00000|  0%| F|  |TAMS 0x00000000a5900000, 0x00000000a5900000| Untracked 
|  72|0x00000000a5a00000, 0x00000000a5a00000, 0x00000000a5b00000|  0%| F|  |TAMS 0x00000000a5a00000, 0x00000000a5a00000| Untracked 
|  73|0x00000000a5b00000, 0x00000000a5b00000, 0x00000000a5c00000|  0%| F|  |TAMS 0x00000000a5b00000, 0x00000000a5b00000| Untracked 
|  74|0x00000000a5c00000, 0x00000000a5c00000, 0x00000000a5d00000|  0%| F|  |TAMS 0x00000000a5c00000, 0x00000000a5c00000| Untracked 
|  75|0x00000000a5d00000, 0x00000000a5d00000, 0x00000000a5e00000|  0%| F|  |TAMS 0x00000000a5d00000, 0x00000000a5d00000| Untracked 
|  76|0x00000000a5e00000, 0x00000000a5e00000, 0x00000000a5f00000|  0%| F|  |TAMS 0x00000000a5e00000, 0x00000000a5e00000| Untracked 
|  77|0x00000000a5f00000, 0x00000000a5f00000, 0x00000000a6000000|  0%| F|  |TAMS 0x00000000a5f00000, 0x00000000a5f00000| Untracked 
|  78|0x00000000a6000000, 0x00000000a6000000, 0x00000000a6100000|  0%| F|  |TAMS 0x00000000a6000000, 0x00000000a6000000| Untracked 
|  79|0x00000000a6100000, 0x00000000a618db40, 0x00000000a6200000| 55%| S|CS|TAMS 0x00000000a6100000, 0x00000000a6100000| Complete 
|  80|0x00000000a6200000, 0x00000000a6300000, 0x00000000a6300000|100%| S|CS|TAMS 0x00000000a6200000, 0x00000000a6200000| Complete 
|  81|0x00000000a6300000, 0x00000000a6380800, 0x00000000a6400000| 50%| E|  |TAMS 0x00000000a6300000, 0x00000000a6300000| Complete 
|  82|0x00000000a6400000, 0x00000000a6500000, 0x00000000a6500000|100%| E|CS|TAMS 0x00000000a6400000, 0x00000000a6400000| Complete 
|  83|0x00000000a6500000, 0x00000000a6600000, 0x00000000a6600000|100%| E|CS|TAMS 0x00000000a6500000, 0x00000000a6500000| Complete 
|  84|0x00000000a6600000, 0x00000000a6700000, 0x00000000a6700000|100%| E|CS|TAMS 0x00000000a6600000, 0x00000000a6600000| Complete 
|  85|0x00000000a6700000, 0x00000000a6800000, 0x00000000a6800000|100%| E|CS|TAMS 0x00000000a6700000, 0x00000000a6700000| Complete 
|  86|0x00000000a6800000, 0x00000000a6900000, 0x00000000a6900000|100%| E|CS|TAMS 0x00000000a6800000, 0x00000000a6800000| Complete 
|  87|0x00000000a6900000, 0x00000000a6a00000, 0x00000000a6a00000|100%| E|CS|TAMS 0x00000000a6900000, 0x00000000a6900000| Complete 
|  88|0x00000000a6a00000, 0x00000000a6b00000, 0x00000000a6b00000|100%| E|CS|TAMS 0x00000000a6a00000, 0x00000000a6a00000| Complete 
|  89|0x00000000a6b00000, 0x00000000a6c00000, 0x00000000a6c00000|100%| E|CS|TAMS 0x00000000a6b00000, 0x00000000a6b00000| Complete 
|  90|0x00000000a6c00000, 0x00000000a6d00000, 0x00000000a6d00000|100%| E|CS|TAMS 0x00000000a6c00000, 0x00000000a6c00000| Complete 
|  91|0x00000000a6d00000, 0x00000000a6e00000, 0x00000000a6e00000|100%| E|CS|TAMS 0x00000000a6d00000, 0x00000000a6d00000| Complete 
|  92|0x00000000a6e00000, 0x00000000a6f00000, 0x00000000a6f00000|100%| E|CS|TAMS 0x00000000a6e00000, 0x00000000a6e00000| Complete 
|  93|0x00000000a6f00000, 0x00000000a7000000, 0x00000000a7000000|100%| E|CS|TAMS 0x00000000a6f00000, 0x00000000a6f00000| Complete 
|  94|0x00000000a7000000, 0x00000000a7100000, 0x00000000a7100000|100%| E|CS|TAMS 0x00000000a7000000, 0x00000000a7000000| Complete 
|  95|0x00000000a7100000, 0x00000000a7200000, 0x00000000a7200000|100%| E|CS|TAMS 0x00000000a7100000, 0x00000000a7100000| Complete 

Card table byte_map: [0x000001fa7e470000,0x000001fa7e770000] _byte_map_base: 0x000001fa7df67000

Marking Bits (Prev, Next): (CMBitMap*) 0x000001fa78f01400, (CMBitMap*) 0x000001fa78f01440
 Prev Bits: [0x000001fa0f000000, 0x000001fa107b8000)
 Next Bits: [0x000001fa107c0000, 0x000001fa11f78000)

Polling page: 0x000001fa78d40000

Metaspace:

Usage:
  Non-class:     13.71 MB used.
      Class:      1.39 MB used.
       Both:     15.10 MB used.

Virtual space:
  Non-class space:       16.00 MB reserved,      13.75 MB ( 86%) committed,  2 nodes.
      Class space:        1.00 GB reserved,       1.50 MB ( <1%) committed,  1 nodes.
             Both:        1.02 GB reserved,      15.25 MB (  1%) committed. 

Chunk freelists:
   Non-Class:  1.69 MB
       Class:  2.42 MB
        Both:  4.11 MB

MaxMetaspaceSize: unlimited
CompressedClassSpaceSize: 1.00 GB
Initial GC threshold: 21.00 MB
Current GC threshold: 21.00 MB
CDS: off
MetaspaceReclaimPolicy: balanced
 - commit_granule_bytes: 65536.
 - commit_granule_words: 8192.
 - virtual_space_node_default_size: 1048576.
 - enlarge_chunks_in_place: 1.
 - new_chunks_are_fully_committed: 0.
 - uncommit_free_chunks: 1.
 - use_allocation_guard: 0.
 - handle_deallocations: 1.


Internal statistics:

num_allocs_failed_limit: 0.
num_arena_births: 24.
num_arena_deaths: 0.
num_vsnodes_births: 3.
num_vsnodes_deaths: 0.
num_space_committed: 244.
num_space_uncommitted: 0.
num_chunks_returned_to_freelist: 0.
num_chunks_taken_from_freelist: 190.
num_chunk_merges: 0.
num_chunk_splits: 116.
num_chunks_enlarged: 95.
num_purges: 0.
num_inconsistent_stats: 0.

CodeHeap 'non-profiled nmethods': size=120064Kb used=276Kb max_used=276Kb free=119787Kb
 bounds [0x000001fa07ac0000, 0x000001fa07d30000, 0x000001fa0f000000]
CodeHeap 'profiled nmethods': size=120000Kb used=1171Kb max_used=1171Kb free=118828Kb
 bounds [0x000001fa00590000, 0x000001fa00800000, 0x000001fa07ac0000]
CodeHeap 'non-nmethods': size=5696Kb used=1263Kb max_used=1279Kb free=4432Kb
 bounds [0x000001fa00000000, 0x000001fa00270000, 0x000001fa00590000]
 total_blobs=1181 nmethods=683 adapters=411
 compilation: enabled
              stopped_count=0, restarted_count=0
 full_count=0

Compilation events (20 events):
Event: 361.296 Thread 0x000001fa7ee4eab0  674       3       java.lang.String::indexOf (113 bytes)
Event: 361.297 Thread 0x000001fa7ee4eab0 nmethod 674 0x000001fa006a7090 code [0x000001fa006a72c0, 0x000001fa006a7948]
Event: 375.547 Thread 0x000001fa7ee4eab0  675 %     3       org.eclipse.jdt.launching.internal.org.objectweb.asm.ClassReader::<init> @ 110 (371 bytes)
Event: 375.549 Thread 0x000001fa7ee4eab0 nmethod 675% 0x000001fa006a7b10 code [0x000001fa006a7e20, 0x000001fa006a93d8]
Event: 375.549 Thread 0x000001fa7ee4eab0  676       3       org.eclipse.jdt.launching.internal.org.objectweb.asm.ClassReader::<init> (371 bytes)
Event: 375.550 Thread 0x000001fa7ee4eab0 nmethod 676 0x000001fa006a9a90 code [0x000001fa006a9da0, 0x000001fa006ab198]
Event: 375.550 Thread 0x000001fa7ee4d590  677       4       org.eclipse.jdt.launching.internal.org.objectweb.asm.Symbol::<init> (38 bytes)
Event: 375.554 Thread 0x000001fa7ee4d590 nmethod 677 0x000001fa07b03a10 code [0x000001fa07b03b80, 0x000001fa07b03e98]
Event: 375.554 Thread 0x000001fa7ee4d590  678       4       org.eclipse.jdt.launching.internal.org.objectweb.asm.SymbolTable$Entry::<init> (17 bytes)
Event: 375.557 Thread 0x000001fa7ee4d590 nmethod 678 0x000001fa07b03f10 code [0x000001fa07b04080, 0x000001fa07b04298]
Event: 375.557 Thread 0x000001fa7ee4eab0  679       3       org.eclipse.jdt.launching.internal.org.objectweb.asm.SymbolTable::addConstantNameAndType (28 bytes)
Event: 375.558 Thread 0x000001fa7ee4eab0 nmethod 679 0x000001fa006ab790 code [0x000001fa006ab960, 0x000001fa006abc98]
Event: 375.558 Thread 0x000001fa7ee4d590  680       4       org.eclipse.jdt.launching.internal.org.objectweb.asm.SymbolTable::addConstantUtf8 (20 bytes)
Event: 375.573 Thread 0x000001fa7ee4d590 nmethod 680 0x000001fa07b04310 code [0x000001fa07b044c0, 0x000001fa07b04d68]
Event: 375.574 Thread 0x000001fa7ee4eab0  681 %     3       org.eclipse.jdt.launching.internal.org.objectweb.asm.SymbolTable::<init> @ 98 (536 bytes)
Event: 375.576 Thread 0x000001fa7ee4eab0 nmethod 681% 0x000001fa006abe90 code [0x000001fa006ac460, 0x000001fa006af348]
Event: 375.576 Thread 0x000001fa7ee4eab0  682       3       org.eclipse.jdt.launching.internal.org.objectweb.asm.SymbolTable::<init> (536 bytes)
Event: 375.579 Thread 0x000001fa7ee4eab0 nmethod 682 0x000001fa006b0610 code [0x000001fa006b0be0, 0x000001fa006b3848]
Event: 375.579 Thread 0x000001fa7ee4eab0  683       3       org.eclipse.jdt.launching.internal.org.objectweb.asm.SymbolTable$Entry::<init> (20 bytes)
Event: 375.579 Thread 0x000001fa7ee4eab0 nmethod 683 0x000001fa006b4a90 code [0x000001fa006b4c20, 0x000001fa006b4dc8]

GC Heap History (8 events):
Event: 0.455 GC heap before
{Heap before GC invocations=0 (full 0):
 garbage-first heap   total 98304K, used 6144K [0x00000000a1200000, 0x0000000100000000)
  region size 1024K, 6 young (6144K), 0 survivors (0K)
 Metaspace       used 6245K, committed 6400K, reserved 1056768K
  class space    used 511K, committed 576K, reserved 1048576K
}
Event: 0.459 GC heap after
{Heap after GC invocations=1 (full 0):
 garbage-first heap   total 98304K, used 4233K [0x00000000a1200000, 0x0000000100000000)
  region size 1024K, 1 young (1024K), 1 survivors (1024K)
 Metaspace       used 6245K, committed 6400K, reserved 1056768K
  class space    used 511K, committed 576K, reserved 1048576K
}
Event: 0.621 GC heap before
{Heap before GC invocations=1 (full 0):
 garbage-first heap   total 98304K, used 6281K [0x00000000a1200000, 0x0000000100000000)
  region size 1024K, 4 young (4096K), 1 survivors (1024K)
 Metaspace       used 8972K, committed 9152K, reserved 1064960K
  class space    used 775K, committed 896K, reserved 1048576K
}
Event: 0.623 GC heap after
{Heap after GC invocations=2 (full 0):
 garbage-first heap   total 98304K, used 5809K [0x00000000a1200000, 0x0000000100000000)
  region size 1024K, 1 young (1024K), 1 survivors (1024K)
 Metaspace       used 8972K, committed 9152K, reserved 1064960K
  class space    used 775K, committed 896K, reserved 1048576K
}
Event: 15.764 GC heap before
{Heap before GC invocations=2 (full 0):
 garbage-first heap   total 98304K, used 10929K [0x00000000a1200000, 0x0000000100000000)
  region size 1024K, 7 young (7168K), 1 survivors (1024K)
 Metaspace       used 11023K, committed 11200K, reserved 1064960K
  class space    used 964K, committed 1024K, reserved 1048576K
}
Event: 15.770 GC heap after
{Heap after GC invocations=3 (full 0):
 garbage-first heap   total 98304K, used 6806K [0x00000000a1200000, 0x0000000100000000)
  region size 1024K, 1 young (1024K), 1 survivors (1024K)
 Metaspace       used 11023K, committed 11200K, reserved 1064960K
  class space    used 964K, committed 1024K, reserved 1048576K
}
Event: 22.038 GC heap before
{Heap before GC invocations=3 (full 0):
 garbage-first heap   total 98304K, used 20118K [0x00000000a1200000, 0x0000000100000000)
  region size 1024K, 15 young (15360K), 1 survivors (1024K)
 Metaspace       used 13281K, committed 13376K, reserved 1064960K
  class space    used 1188K, committed 1216K, reserved 1048576K
}
Event: 22.041 GC heap after
{Heap after GC invocations=4 (full 0):
 garbage-first heap   total 98304K, used 7439K [0x00000000a1200000, 0x0000000100000000)
  region size 1024K, 2 young (2048K), 2 survivors (2048K)
 Metaspace       used 13281K, committed 13376K, reserved 1064960K
  class space    used 1188K, committed 1216K, reserved 1048576K
}

Deoptimization events (20 events):
Event: 0.691 Thread 0x000001fa78ec9940 DEOPT PACKING pc=0x000001fa0063202c sp=0x000000cd077f7da0
Event: 0.691 Thread 0x000001fa78ec9940 DEOPT UNPACKING pc=0x000001fa00052b43 sp=0x000000cd077f7208 mode 0
Event: 0.691 Thread 0x000001fa78ec9940 DEOPT PACKING pc=0x000001fa0063202c sp=0x000000cd077f7da0
Event: 0.691 Thread 0x000001fa78ec9940 DEOPT UNPACKING pc=0x000001fa00052b43 sp=0x000000cd077f7208 mode 0
Event: 0.693 Thread 0x000001fa78ec9940 DEOPT PACKING pc=0x000001fa0063202c sp=0x000000cd077f7da0
Event: 0.693 Thread 0x000001fa78ec9940 DEOPT UNPACKING pc=0x000001fa00052b43 sp=0x000000cd077f7208 mode 0
Event: 0.729 Thread 0x000001fa78ec9940 Uncommon trap: trap_request=0xffffff45 fr.pc=0x000001fa07aca970 relative=0x0000000000000250
Event: 0.729 Thread 0x000001fa78ec9940 Uncommon trap: reason=unstable_if action=reinterpret pc=0x000001fa07aca970 method=java.lang.String.isLatin1()Z @ 10 c2
Event: 0.729 Thread 0x000001fa78ec9940 DEOPT PACKING pc=0x000001fa07aca970 sp=0x000000cd077fc9f0
Event: 0.729 Thread 0x000001fa78ec9940 DEOPT UNPACKING pc=0x000001fa000523a3 sp=0x000000cd077fc930 mode 2
Event: 0.737 Thread 0x000001fa78ec9940 Uncommon trap: trap_request=0xffffff45 fr.pc=0x000001fa07ae17c8 relative=0x0000000000000048
Event: 0.737 Thread 0x000001fa78ec9940 Uncommon trap: reason=unstable_if action=reinterpret pc=0x000001fa07ae17c8 method=java.lang.CharacterData.of(I)Ljava/lang/CharacterData; @ 4 c2
Event: 0.737 Thread 0x000001fa78ec9940 DEOPT PACKING pc=0x000001fa07ae17c8 sp=0x000000cd077fe990
Event: 0.737 Thread 0x000001fa78ec9940 DEOPT UNPACKING pc=0x000001fa000523a3 sp=0x000000cd077fe930 mode 2
Event: 0.741 Thread 0x000001fa78ec9940 Uncommon trap: trap_request=0xffffff45 fr.pc=0x000001fa07ae11e0 relative=0x0000000000000060
Event: 0.741 Thread 0x000001fa78ec9940 Uncommon trap: reason=unstable_if action=reinterpret pc=0x000001fa07ae11e0 method=java.lang.AbstractStringBuilder.isLatin1()Z @ 10 c2
Event: 0.741 Thread 0x000001fa78ec9940 DEOPT PACKING pc=0x000001fa07ae11e0 sp=0x000000cd077ff070
Event: 0.741 Thread 0x000001fa78ec9940 DEOPT UNPACKING pc=0x000001fa000523a3 sp=0x000000cd077ff010 mode 2
Event: 105.899 Thread 0x000001fa141df520 DEOPT PACKING pc=0x000001fa0061f879 sp=0x000000cd08efe6c0
Event: 105.899 Thread 0x000001fa141df520 DEOPT UNPACKING pc=0x000001fa00052b43 sp=0x000000cd08efdb20 mode 0

Classes unloaded (0 events):
No events

Classes redefined (6 events):
Event: 64.389 Thread 0x000001fa7edb9640 redefined class name=com.luisdbb.TareaDWES.DAOImpl.LineaDAOImpl_JDBC, count=1
Event: 83.212 Thread 0x000001fa7edb9640 redefined class name=com.luisdbb.TareaDWES.DAOImpl.LineaDAOImpl_JDBC, count=2
Event: 212.419 Thread 0x000001fa7edb9640 redefined class name=com.luisdbb.TareaDWES.DAOImpl.LineaDAOImpl_JDBC, count=3
Event: 310.346 Thread 0x000001fa7edb9640 redefined class name=com.luisdbb.TareaDWES.DAOImpl.ParadaDAOImpl_JDBC, count=1
Event: 343.117 Thread 0x000001fa7edb9640 redefined class name=com.luisdbb.TareaDWES.DAOImpl.ParadaDAOImpl_JDBC, count=2
Event: 375.583 Thread 0x000001fa7edb9640 redefined class name=com.luisdbb.TareaDWES.fachada.FachadaUsuario, count=1

Internal exceptions (7 events):
Event: 16.045 Thread 0x000001fa78ec9940 Exception <a 'java/lang/NoSuchMethodError'{0x00000000a71829f0}: 'java.lang.Object java.lang.invoke.DirectMethodHandle$Holder.invokeStaticInit(java.lang.Object)'> (0x00000000a71829f0) 
thrown [e:\jenkins\tmp\workspace\build\src\src\hotspot\share\interpreter\linkResolver.cpp, line 766]
Event: 16.078 Thread 0x000001fa78ec9940 Exception <a 'java/lang/NoSuchMethodError'{0x00000000a718da30}: 'java.lang.Object java.lang.invoke.DirectMethodHandle$Holder.invokeInterface(java.lang.Object, java.lang.Object)'> (0x00000000a718da30) 
thrown [e:\jenkins\tmp\workspace\build\src\src\hotspot\share\interpreter\linkResolver.cpp, line 766]
Event: 20.256 Thread 0x000001fa78ec9940 Exception <a 'java/lang/NoSuchMethodError'{0x00000000a6d59a00}: 'void java.lang.invoke.DirectMethodHandle$Holder.invokeSpecial(java.lang.Object, java.lang.Object, java.lang.Object)'> (0x00000000a6d59a00) 
thrown [e:\jenkins\tmp\workspace\build\src\src\hotspot\share\interpreter\linkResolver.cpp, line 766]
Event: 20.285 Thread 0x000001fa78ec9940 Exception <a 'java/lang/NoSuchMethodError'{0x00000000a6d61178}: 'void java.lang.invoke.DirectMethodHandle$Holder.invokeStatic(java.lang.Object, java.lang.Object, java.lang.Object)'> (0x00000000a6d61178) 
thrown [e:\jenkins\tmp\workspace\build\src\src\hotspot\share\interpreter\linkResolver.cpp, line 766]
Event: 20.316 Thread 0x000001fa78ec9940 Exception <a 'java/lang/NoSuchMethodError'{0x00000000a6d69210}: 'java.lang.Object java.lang.invoke.DirectMethodHandle$Holder.invokeVirtual(java.lang.Object, java.lang.Object, java.lang.Object)'> (0x00000000a6d69210) 
thrown [e:\jenkins\tmp\workspace\build\src\src\hotspot\share\interpreter\linkResolver.cpp, line 766]
Event: 20.373 Thread 0x000001fa78ec9940 Exception <a 'java/lang/NoSuchMethodError'{0x00000000a6d78be8}: 'void java.lang.invoke.DirectMethodHandle$Holder.invokeStatic(java.lang.Object, java.lang.Object, java.lang.Object, java.lang.Object)'> (0x00000000a6d78be8) 
thrown [e:\jenkins\tmp\workspace\build\src\src\hotspot\share\interpreter\linkResolver.cpp, line 766]
Event: 22.048 Thread 0x000001fa78ec9940 Exception <a 'java/lang/NoSuchMethodError'{0x00000000a711f4e8}: 'void java.lang.invoke.DirectMethodHandle$Holder.invokeStatic(java.lang.Object, java.lang.Object)'> (0x00000000a711f4e8) 
thrown [e:\jenkins\tmp\workspace\build\src\src\hotspot\share\interpreter\linkResolver.cpp, line 766]

VM Operations (20 events):
Event: 369.697 Executing VM operation: ChangeSingleStep done
Event: 369.822 Executing VM operation: get/set locals
Event: 369.822 Executing VM operation: get/set locals done
Event: 375.539 Executing VM operation: ChangeSingleStep
Event: 375.539 Executing VM operation: ChangeSingleStep done
Event: 375.539 Executing VM operation: ChangeSingleStep
Event: 375.539 Executing VM operation: ChangeSingleStep done
Event: 375.582 Executing VM operation: RedefineClasses
Event: 375.586 Executing VM operation: RedefineClasses done
Event: 375.597 Executing VM operation: ChangeBreakpoints
Event: 375.597 Executing VM operation: ChangeBreakpoints done
Event: 375.615 Executing VM operation: ChangeBreakpoints
Event: 375.615 Executing VM operation: ChangeBreakpoints done
Event: 375.644 Executing VM operation: ChangeBreakpoints
Event: 375.645 Executing VM operation: ChangeBreakpoints done
Event: 375.650 Executing VM operation: ChangeSingleStep
Event: 375.650 Executing VM operation: ChangeSingleStep done
Event: 375.672 Executing VM operation: ChangeSingleStep
Event: 375.672 Executing VM operation: ChangeSingleStep done
Event: 375.956 Executing VM operation: get/set locals

Events (20 events):
Event: 214.858 loading class sun/util/spi/CalendarProvider
Event: 214.858 loading class sun/util/spi/CalendarProvider done
Event: 214.870 loading class sun/util/locale/provider/CalendarProviderImpl
Event: 214.870 loading class sun/util/locale/provider/CalendarProviderImpl done
Event: 215.206 loading class java/util/Calendar$Builder
Event: 215.206 loading class java/util/Calendar$Builder done
Event: 215.206 loading class java/util/GregorianCalendar
Event: 215.207 loading class java/util/GregorianCalendar done
Event: 215.207 loading class sun/util/locale/provider/CalendarDataUtility$CalendarWeekParameterGetter
Event: 215.207 loading class sun/util/locale/provider/CalendarDataUtility$CalendarWeekParameterGetter done
Event: 215.220 loading class sun/util/cldr/CLDRCalendarDataProviderImpl
Event: 215.220 loading class sun/util/locale/provider/CalendarDataProviderImpl
Event: 215.220 loading class sun/util/locale/provider/CalendarDataProviderImpl done
Event: 215.220 loading class sun/util/cldr/CLDRCalendarDataProviderImpl done
Event: 217.012 loading class sun/util/resources/cldr/CalendarData
Event: 217.012 loading class sun/util/resources/cldr/CalendarData done
Event: 217.183 loading class java/time/format/DateTimeParseException
Event: 217.185 loading class java/time/DateTimeException
Event: 217.185 loading class java/time/DateTimeException done
Event: 217.185 loading class java/time/format/DateTimeParseException done


Dynamic libraries:
0x00007ff72cf70000 - 0x00007ff72cf7e000 	C:\Users\luis\.p2\pool\plugins\org.eclipse.justj.openjdk.hotspot.jre.full.win32.x86_64_17.0.0.v20211012-1059\jre\bin\javaw.exe
0x00007ffb43d50000 - 0x00007ffb43f45000 	C:\Windows\SYSTEM32\ntdll.dll
0x00007ffb42340000 - 0x00007ffb423fd000 	C:\Windows\System32\KERNEL32.DLL
0x00007ffb41a00000 - 0x00007ffb41ccd000 	C:\Windows\System32\KERNELBASE.dll
0x00007ffb415c0000 - 0x00007ffb416c0000 	C:\Windows\System32\ucrtbase.dll
0x00007ffb3cea0000 - 0x00007ffb3ceb8000 	C:\Users\luis\.p2\pool\plugins\org.eclipse.justj.openjdk.hotspot.jre.full.win32.x86_64_17.0.0.v20211012-1059\jre\bin\jli.dll
0x00007ffb42400000 - 0x00007ffb425a0000 	C:\Windows\System32\USER32.dll
0x00007ffb416c0000 - 0x00007ffb416e2000 	C:\Windows\System32\win32u.dll
0x00007ffb41f00000 - 0x00007ffb41f2a000 	C:\Windows\System32\GDI32.dll
0x00007ffb41740000 - 0x00007ffb4184b000 	C:\Windows\System32\gdi32full.dll
0x00007ffb41d00000 - 0x00007ffb41d9d000 	C:\Windows\System32\msvcp_win.dll
0x00007ffb39860000 - 0x00007ffb39879000 	C:\Users\luis\.p2\pool\plugins\org.eclipse.justj.openjdk.hotspot.jre.full.win32.x86_64_17.0.0.v20211012-1059\jre\bin\VCRUNTIME140.dll
0x00007ffb2afd0000 - 0x00007ffb2b26a000 	C:\Windows\WinSxS\amd64_microsoft.windows.common-controls_6595b64144ccf1df_6.0.19041.1110_none_60b5254171f9507e\COMCTL32.dll
0x00007ffb42010000 - 0x00007ffb420ae000 	C:\Windows\System32\msvcrt.dll
0x00007ffb420b0000 - 0x00007ffb420e0000 	C:\Windows\System32\IMM32.DLL
0x00007ffb3ac60000 - 0x00007ffb3ac6c000 	C:\Users\luis\.p2\pool\plugins\org.eclipse.justj.openjdk.hotspot.jre.full.win32.x86_64_17.0.0.v20211012-1059\jre\bin\vcruntime140_1.dll
0x00007ffaf5c20000 - 0x00007ffaf5cb1000 	C:\Users\luis\.p2\pool\plugins\org.eclipse.justj.openjdk.hotspot.jre.full.win32.x86_64_17.0.0.v20211012-1059\jre\bin\msvcp140.dll
0x00007ffae76b0000 - 0x00007ffae82f6000 	C:\Users\luis\.p2\pool\plugins\org.eclipse.justj.openjdk.hotspot.jre.full.win32.x86_64_17.0.0.v20211012-1059\jre\bin\server\jvm.dll
0x00007ffb43c60000 - 0x00007ffb43d0e000 	C:\Windows\System32\ADVAPI32.dll
0x00007ffb42df0000 - 0x00007ffb42e8c000 	C:\Windows\System32\sechost.dll
0x00007ffb43ac0000 - 0x00007ffb43be5000 	C:\Windows\System32\RPCRT4.dll
0x00007ffb43190000 - 0x00007ffb43198000 	C:\Windows\System32\PSAPI.DLL
0x00007ffb23470000 - 0x00007ffb23479000 	C:\Windows\SYSTEM32\WSOCK32.dll
0x00007ffb38b20000 - 0x00007ffb38b47000 	C:\Windows\SYSTEM32\WINMM.dll
0x00007ffb43bf0000 - 0x00007ffb43c5b000 	C:\Windows\System32\WS2_32.dll
0x00007ffb38b10000 - 0x00007ffb38b1a000 	C:\Windows\SYSTEM32\VERSION.dll
0x00007ffb3f360000 - 0x00007ffb3f372000 	C:\Windows\SYSTEM32\kernel.appcore.dll
0x00007ffb3cf50000 - 0x00007ffb3cf5a000 	C:\Users\luis\.p2\pool\plugins\org.eclipse.justj.openjdk.hotspot.jre.full.win32.x86_64_17.0.0.v20211012-1059\jre\bin\jimage.dll
0x00007ffb2cc30000 - 0x00007ffb2ce14000 	C:\Windows\SYSTEM32\DBGHELP.DLL
0x00007ffb26d80000 - 0x00007ffb26dac000 	C:\Windows\SYSTEM32\dbgcore.DLL
0x00007ffb41900000 - 0x00007ffb41982000 	C:\Windows\System32\bcryptPrimitives.dll
0x00007ffb20c30000 - 0x00007ffb20c6b000 	C:\Users\luis\.p2\pool\plugins\org.eclipse.justj.openjdk.hotspot.jre.full.win32.x86_64_17.0.0.v20211012-1059\jre\bin\jdwp.dll
0x00007ffb3cf70000 - 0x00007ffb3cf7e000 	C:\Users\luis\.p2\pool\plugins\org.eclipse.justj.openjdk.hotspot.jre.full.win32.x86_64_17.0.0.v20211012-1059\jre\bin\instrument.dll
0x00007ffb39310000 - 0x00007ffb39335000 	C:\Users\luis\.p2\pool\plugins\org.eclipse.justj.openjdk.hotspot.jre.full.win32.x86_64_17.0.0.v20211012-1059\jre\bin\java.dll
0x00007ffb3acc0000 - 0x00007ffb3acd8000 	C:\Users\luis\.p2\pool\plugins\org.eclipse.justj.openjdk.hotspot.jre.full.win32.x86_64_17.0.0.v20211012-1059\jre\bin\zip.dll
0x00007ffb426a0000 - 0x00007ffb42de4000 	C:\Windows\System32\SHELL32.dll
0x00007ffb3f560000 - 0x00007ffb3fcf4000 	C:\Windows\SYSTEM32\windows.storage.dll
0x00007ffb431a0000 - 0x00007ffb434f4000 	C:\Windows\System32\combase.dll
0x00007ffb40df0000 - 0x00007ffb40e1c000 	C:\Windows\SYSTEM32\Wldp.dll
0x00007ffb42290000 - 0x00007ffb4233d000 	C:\Windows\System32\SHCORE.dll
0x00007ffb43500000 - 0x00007ffb43555000 	C:\Windows\System32\shlwapi.dll
0x00007ffb413a0000 - 0x00007ffb413bf000 	C:\Windows\SYSTEM32\profapi.dll
0x00007ffb3a920000 - 0x00007ffb3a92c000 	C:\Users\luis\.p2\pool\plugins\org.eclipse.justj.openjdk.hotspot.jre.full.win32.x86_64_17.0.0.v20211012-1059\jre\bin\dt_socket.dll
0x00007ffb40840000 - 0x00007ffb4087b000 	C:\Windows\SYSTEM32\IPHLPAPI.DLL
0x00007ffb40b50000 - 0x00007ffb40bba000 	C:\Windows\system32\mswsock.dll
0x00007ffb40880000 - 0x00007ffb4094b000 	C:\Windows\SYSTEM32\DNSAPI.dll
0x00007ffb42690000 - 0x00007ffb42698000 	C:\Windows\System32\NSI.dll
0x00007ffb2c6d0000 - 0x00007ffb2c6da000 	C:\Windows\System32\rasadhlp.dll
0x00007ffb2c170000 - 0x00007ffb2c1f0000 	C:\Windows\System32\fwpuclnt.dll
0x00007ffb41cd0000 - 0x00007ffb41cf7000 	C:\Windows\System32\bcrypt.dll
0x00007ffb391e0000 - 0x00007ffb391f9000 	C:\Users\luis\.p2\pool\plugins\org.eclipse.justj.openjdk.hotspot.jre.full.win32.x86_64_17.0.0.v20211012-1059\jre\bin\net.dll
0x00007ffb2d940000 - 0x00007ffb2da4a000 	C:\Windows\SYSTEM32\WINHTTP.dll
0x00007ffb39140000 - 0x00007ffb39155000 	C:\Users\luis\.p2\pool\plugins\org.eclipse.justj.openjdk.hotspot.jre.full.win32.x86_64_17.0.0.v20211012-1059\jre\bin\nio.dll
0x00007ffb3ab70000 - 0x00007ffb3ab80000 	C:\Users\luis\.p2\pool\plugins\org.eclipse.justj.openjdk.hotspot.jre.full.win32.x86_64_17.0.0.v20211012-1059\jre\bin\verify.dll

dbghelp: loaded successfully - version: 4.0.5 - missing functions: none
symbol engine: initialized successfully - sym options: 0x614 - pdb path: .;C:\Users\luis\.p2\pool\plugins\org.eclipse.justj.openjdk.hotspot.jre.full.win32.x86_64_17.0.0.v20211012-1059\jre\bin;C:\Windows\SYSTEM32;C:\Windows\WinSxS\amd64_microsoft.windows.common-controls_6595b64144ccf1df_6.0.19041.1110_none_60b5254171f9507e;C:\Users\luis\.p2\pool\plugins\org.eclipse.justj.openjdk.hotspot.jre.full.win32.x86_64_17.0.0.v20211012-1059\jre\bin\server

VM Arguments:
jvm_args: -XX:+ShowCodeDetailsInExceptionMessages -agentlib:jdwp=transport=dt_socket,suspend=y,address=localhost:56887 -javaagent:C:\Users\luis\eclipse\jee-2021-09\eclipse\configuration\org.eclipse.osgi\1122\0\.cp\lib\javaagent-shaded.jar -Dfile.encoding=UTF-8 
java_command: com.luisdbb.TareaDWES.principal.Principal
java_class_path (initial): C:\Users\luis\Desktop\curso2021-2022\DAW2\DWES\Practicas_FINAL\PENDIENTES\TareaDWES\target\classes;C:\Users\luis\Desktop\curso2021-2022\DAW2\DWES\Practicas_FINAL\PENDIENTES\TareaDWES\libs\mysql-connector-java-8.0.26.jar;C:\Users\luis\.m2\repository\org\springframework\boot\spring-boot-starter-data-jpa\2.6.7\spring-boot-starter-data-jpa-2.6.7.jar;C:\Users\luis\.m2\repository\org\springframework\boot\spring-boot-starter-aop\2.6.7\spring-boot-starter-aop-2.6.7.jar;C:\Users\luis\.m2\repository\org\aspectj\aspectjweaver\1.9.7\aspectjweaver-1.9.7.jar;C:\Users\luis\.m2\repository\org\springframework\boot\spring-boot-starter-jdbc\2.6.7\spring-boot-starter-jdbc-2.6.7.jar;C:\Users\luis\.m2\repository\com\zaxxer\HikariCP\4.0.3\HikariCP-4.0.3.jar;C:\Users\luis\.m2\repository\org\springframework\spring-jdbc\5.3.19\spring-jdbc-5.3.19.jar;C:\Users\luis\.m2\repository\jakarta\transaction\jakarta.transaction-api\1.3.3\jakarta.transaction-api-1.3.3.jar;C:\Users\luis\.m2\repository\jakarta\persistence\jakarta.persistence-api\2.2.3\jakarta.persistence-api-2.2.3.jar;C:\Users\luis\.m2\repository\org\hibernate\hibernate-core\5.6.8.Final\hibernate-core-5.6.8.Final.jar;C:\Users\luis\.m2\repository\org\jboss\logging\jboss-logging\3.4.3.Final\jboss-logging-3.4.3.Final.jar;C:\Users\luis\.m2\repository\net\bytebuddy\byte-buddy\1.11.22\byte-buddy-1.11.22.jar;C:\Users\luis\.m2\repository\antlr\antlr\2.7.7\antlr-2.7.7.jar;C:\Users\luis\.m2\repository\org\jboss\jandex\2.4.2.Final\jandex-2.4.2.Final.jar;C:\Users\luis\.m2\repository\com\fasterxml\classmate\1.5.1\classmate-1.5.1.jar;C:\Users\luis\.m2\repository\org\hibernate\common\hibernate-commons-annotations\5.1.2.Final\hibernate-commons-annotations-5.1.2.Final.jar;C:\Users\luis\.m2\repository\org\glassfish\jaxb\jaxb-runtime\2.3.6\jaxb-runtime-2.3.6.jar;C:\Users\luis\.m2\repository\org\glassfish\jaxb\txw2\2.3.6\txw2-2.3.6.jar;C:\Users\luis\.m2\repository\com\sun\istack\istack-commons-runtime\3.0.12\istack-commons-runtim
Launcher Type: SUN_STANDARD

[Global flags]
     intx CICompilerCount                          = 2                                         {product} {ergonomic}
     uint ConcGCThreads                            = 1                                         {product} {ergonomic}
     uint G1ConcRefinementThreads                  = 2                                         {product} {ergonomic}
   size_t G1HeapRegionSize                         = 1048576                                   {product} {ergonomic}
    uintx GCDrainStackTargetSize                   = 64                                        {product} {ergonomic}
   size_t InitialHeapSize                          = 100663296                                 {product} {ergonomic}
   size_t MarkStackSize                            = 4194304                                   {product} {ergonomic}
   size_t MaxHeapSize                              = 1591738368                                {product} {ergonomic}
   size_t MaxNewSize                               = 954204160                                 {product} {ergonomic}
   size_t MinHeapDeltaBytes                        = 1048576                                   {product} {ergonomic}
   size_t MinHeapSize                              = 8388608                                   {product} {ergonomic}
    uintx NonNMethodCodeHeapSize                   = 5826188                                {pd product} {ergonomic}
    uintx NonProfiledCodeHeapSize                  = 122916026                              {pd product} {ergonomic}
    uintx ProfiledCodeHeapSize                     = 122916026                              {pd product} {ergonomic}
    uintx ReservedCodeCacheSize                    = 251658240                              {pd product} {ergonomic}
     bool SegmentedCodeCache                       = true                                      {product} {ergonomic}
     bool ShowCodeDetailsInExceptionMessages       = true                                   {manageable} {command line}
   size_t SoftMaxHeapSize                          = 1591738368                             {manageable} {ergonomic}
     bool UseCompressedClassPointers               = true                           {product lp64_product} {ergonomic}
     bool UseCompressedOops                        = true                           {product lp64_product} {ergonomic}
     bool UseG1GC                                  = true                                      {product} {ergonomic}
     bool UseLargePagesIndividualAllocation        = false                                  {pd product} {ergonomic}

Logging:
Log output configuration:
 #0: stdout all=warning uptime,level,tags
 #1: stderr all=off uptime,level,tags

Environment Variables:
JAVA_HOME=C:\Program Files\Java\jdk-17.0.2
PATH=C:\Users\luis\.p2\pool\plugins\org.eclipse.justj.openjdk.hotspot.jre.full.win32.x86_64_17.0.0.v20211012-1059\jre\bin;C:/Users/luis/.p2/pool/plugins/org.eclipse.justj.openjdk.hotspot.jre.full.win32.x86_64_17.0.0.v20211012-1059/jre/bin/server;C:/Users/luis/.p2/pool/plugins/org.eclipse.justj.openjdk.hotspot.jre.full.win32.x86_64_17.0.0.v20211012-1059/jre/bin;C:\Windows\system32;C:\Windows;C:\Windows\System32\Wbem;C:\Windows\System32\WindowsPowerShell\v1.0\;C:\Windows\System32\OpenSSH\;C:\Program Files\Git\cmd;C:\Maven\apache-maven-3.6.3\bin;C:\Program Files\Java\jdk-17.0.2\bin;C:\Users\luis\AppData\Local\Microsoft\WindowsApps;C:\Users\luis\AppData\Local\GitHubDesktop\bin;C:\Users\luis\Desktop;
USERNAME=luis
OS=Windows_NT
PROCESSOR_IDENTIFIER=AMD64 Family 23 Model 24 Stepping 1, AuthenticAMD



---------------  S Y S T E M  ---------------

OS:
 Windows 10 , 64 bit Build 19041 (10.0.19041.1682)
OS uptime: 5 days 19:17 hours

CPU: total 2 (initial active 2) (2 cores per cpu, 1 threads per core) family 23 model 24 stepping 1 microcode 0x0, cx8, cmov, fxsr, mmx, 3dnowpref, sse, sse2, sse3, ssse3, sse4a, sse4.1, sse4.2, popcnt, lzcnt, tsc, tscinvbit, avx, avx2, aes, clmul, bmi1, bmi2, adx, sha, fma, vzeroupper, clflush, clflushopt

Memory: 4k page, system-wide physical 6064M (445M free)
TotalPageFile size 14020M (AvailPageFile size 2522M)
current process WorkingSet (physical memory assigned to process): 77M, peak: 79M
current process commit charge ("private bytes"): 178M, peak: 180M

vm_info: OpenJDK 64-Bit Server VM (17+35) for windows-amd64 JRE (17+35), built on Sep 14 2021 17:27:39 by "" with MS VC++ 16.7 (VS2019)

END.
